27
21
46
22
50
40
32
22
58
14
52
20
55
40
25
38
44
22
57
48
44
55
49
37
35
41
18
40
60
36
26
38
49
46
40
37
43
51
31
28
43
36
38
40
12
40
22
18
61
49
21
22
35
40
49
46
29
26
18
19
33
28
19
8
33
48
18
51
17
23
34
51
19
55
51
16
51
33
29
28
24
40
31
42
47
70
13
36
56
47
59
30
30
8
48
25
35
39
38
51
27
38
44
33
58
33
20
41
24
31
28
41
21
38
47
18
55
41
11
31
14
54
62
41
44
36
35
51
20
56
53
47
30
46
38
33
41
28
37
15
38
9
45
43
41
14
48
32
38
51
33
35
52
39
45
27
59
39
44
39
37
26
27
50
38
47
51
41
31
34
18
39
45
28
41
43
43
18
60
26
36
39
50
44
43
34
27
38
49
22
44
34
44
61
30
39
58
46
32
36
20
22
19
49
42
45
22
23
31
34
35
30
37
31
45
43
46
32
36
32
45
13
14
48
44
54
54
36
35
46
42
19
14
26
41
40
36
20
21
43
12
47
47
14
26
47
44
39
24
30
12
45
18
40
43
25
36
45
34
50
41
49
30
54
49
31
54
16
12
28
46
49
45
38
38
23
16
44
51
20
37
32
31
44
45
9
47
45
33
49
56
3
38
38
42
52
22
44
27
51
47
52
37
38
29
21
30
35
28
45
34
44
41
16
32
43
37
48
52
49
37
29
22
53
39
36
47
38
60
22
46
34
7
48
33
32
44
39
36
26
37
31
55
56
55
34
34
42
32
46
68
26
39
38
40
50
35
42
37
52
35
40
32
49
28
35
49
40
44
56
49
22
21
46
40
17
39
39
32
22
33
44
33
19
25
37
33
24
43
51
5
27
47
36
26
44
23
57
52
36
17
29
41
16
30
38
4
18
52
12
26
39
24
13
31
46
55
54
18
33
51
47
29
49
28
36
44
52
38
30
20
21
25
40
24
8
38
29
47
35
38
22
37
26
43
23
13
27
37
34
34
37
18
55
32
35
31
37
39
41
50
25
32
34
45
40
46
41
17
50
23
43
47
29
45
44
40
36
36
46
37
47
15
58
12
36
47
31
35
27
46
42
44
47
31
45
46
15
38
20
36
47
47
29
31
38
26
20
40
49
14
60
47
32
52
31
39
48
23
33
45
53
60
31
44
12
45
36
43
26
38
32
25
28
60
44
35
3
30
48
23
46
24
14
47
52
39
24
39
59
30
19
49
29
49
31
53
33
23
25
45
24
62
42
55
14
34
48
46
45
42
21
28
39
36
31
39
39
23
37
31
50
6
11
27
18
7
27
7
24
14
32
45
21
41
53
42
33
12
45
24
26
37
37
17
44
34
18
44
39
30
25
56
10
48
39
43
57
9
34
47
46
53
26
13
50
48
28
33
58
35
11
46
50
46
40
32
40
21
43
17
6
25
35
56
36
50
32
14
51
43
23
16
28
54
49
24
53
37
50
37
45
34
8
36
46
34
27
21
51
40
42
39
13
61
34
36
59
14
55
43
36
55
16
38
56
38
29
37
18
21
36
37
40
48
39
18
49
25
26
53
39
42
57
49
14
38
20
49
34
53
21
42
45
39
47
44
44
46
23
49
32
15
17
62
29
29
48
57
15
42
33
24
43
25
29
46
28
30
26
38
49
41
32
47
46
35
35
37
12
46
41
45
21
42
28
54
36
46
38
54
24
46
47
43
39
29
30
25
38
40
12
41
44
52
52
37
15
26
44
32
30
27
60
46
43
48
44
44
6
40
46
42
42
45
39
38
16
36
39
49
34
46
44
46
33
50
47
46
25
47
20
23
27
10
18
22
35
47
26
35
44
31
38
47
48
42
42
29
21
44
17
25
45
50
53
56
53
31
26
26
55
31
28
38
32
21
38
54
41
53
42
32
48
33
47
34
40
53
19
43
43
26
44
40
55
37
31
28
25
49
31
18
14
23
15
53
41
34
40
58
28
24
25
37
35
42
36
14
38
54
29
45
5
37
40
45
13
33
22
28
54
42
32
49
41
26
45
31
18
26
35
27
47
36
48
36
22
40
48
49
58
24
52
24
32
45
45
37
48
11
50
22
26
27
35
52
42
16
36
50
47
27
44
33
53
58
38
37
38
44
54
32
51
18
26
23
34
31
43
40
24
38
30
47
52
56
26
51
9
30
55
39
20
38
41
48
57
43
30
35
25
40
42
8
47
42
36
26
45
53
47
33
44
54
50
31
26
45
45
