26817442
10399689
8277077
11255339
11379807
14197672
10299010
9287920
6962236
4852113
12965872
24010072
15053379
16247282
13122947
16487213
19541775
14492014
22203893
16370264
30674207
17082734
8889801
1642343
15387980
22736976
17118010
17261409
8737038
15067108
19803599
21448673
3263537
8648959
3771904
20352627
7107741
8018396
3756752
23402015
3726001
10865899
22629276
14388892
4147692
18677327
11398788
23267412
9484361
7012754
2111226
11261069
20315642
29235474
25465466
21697802
25298723
20490587
27087417
15920711
23311378
20435313
25866897
10504030
1131843
14799239
1731133
1053458
11930393
26059324
6026939
14473062
13510412
438723
23185033
9821914
18709923
8774616
21783827
17980742
17004988
11016846
23083974
8435756
3113671
14387958
11265664
5828373
3594150
15284779
26166571
4514015
14438047
23374817
2223544
14270188
4686497
24908864
8571258
24669788
20183964
15782242
11187779
25336745
20450481
5033310
2927482
9229214
13065189
20642172
13485905
6272480
10331781
8277562
6222734
14886294
20704789
24143615
24951895
23272753
986152
2136253
10754386
21080637
4075946
28560014
4878402
9258767
19604101
7860629
803544
25397391
13938162
2663244
11857703
25848811
13610164
13158951
19022363
24804026
15728735
2809879
3827775
20138266
27588326
20266070
13130467
13802269
26310236
2045479
4097384
22673070
10766321
24612830
21306439
11125907
22815110
1672653
6726391
14369868
8837339
28290773
1233182
17240732
24814694
7462124
19725291
4958402
16090585
6313292
12025710
2560600
19254216
20658341
20500515
9698362
8611336
1480633
12429928
3219767
2489707
7275822
9327699
15634804
11406062
3764534
19921043
29153983
21561864
18811661
19248823
13013734
20018436
10489867
19761857
17296245
24438238
12126813
9536032
2639353
17678872
2540515
13196304
22779994
2506161
3734290
12214602
6386034
11102209
6543422
15802361
25523341
4307853
24867842
2298460
8082849
23663620
25546062
6268826
8217662
19070085
13024850
16376055
2678256
20675873
19837454
13782505
14762615
16746825
9463238
7801594
25409025
6648394
6110355
11243929
17079691
24320834
3554230
504518
12445293
8828179
11393652
1020167
4767377
13692489
14104386
20371355
11833434
24110570
21335227
13013308
2727213
7459413
23981109
12067087
25604617
5373666
9669722
9217262
7359829
8831411
21790262
18601400
24827879
12113505
2267570
20305051
1094731
13589200
13228565
21062661
1440652
17754935
11506416
7076949
11100938
8290659
22883774
28956820
15316970
1201513
15344078
6152068
5896215
9230906
650035
6349870
17829444
18801217
8317038
15404853
6861758
20345277
8828286
785657
17568852
2355970
5656963
2578742
19951454
14967340
19501647
12768338
9261766
18923570
6241383
15161014
9663431
23887577
25537663
23472374
21310768
1625159
10407947
25417264
15656019
23179468
15848603
8235476
17943126
16886376
959035
22502881
8972360
17063205
12144573
23405041
20560175
18683810
16906675
19420827
22280158
15986369
26181536
19404317
20816053
22731985
10479278
12116407
20834006
7447462
21044063
13143924
21437742
26173499
252638
20775120
3162771
20387756
14544043
13040831
13329484
8954910
16933413
2362432
7754888
21709425
13402951
12585531
14825688
19670039
25167790
5334856
5106007
9124088
22656420
21798144
21659898
26334017
2721932
23259359
3397765
18240934
13270562
3626061
27825275
3972351
18729990
20821133
2953460
3368633
6611323
17448405
11360394
4469293
3344812
25887356
11487888
12973727
12022079
24057607
17609143
17190953
5287509
1564788
1134072
22511101
12015573
859119
19478351
21783667
20961573
15835028
8318302
7244537
18602865
973754
6014729
7835176
12641287
2574375
20105406
25439324
22541925
22232679
19868754
18189526
3742780
16813873
23108867
6694900
26036810
5356453
18476982
19185634
10578709
11050173
9219906
18425367
24335791
24148044
6757292
22121111
22569351
25920368
23852768
22902317
3644003
12339182
26488477
21594874
20992872
2531192
21405422
9886184
765053
20992425
3231569
17554392
2666467
20491098
13267669
18815475
12964336
10799826
2616158
20120430
24036106
8681543
9079929
25549944
19458743
1886112
15494905
14332583
12586717
20635159
8099544
8132868
7663544
11118558
10200235
11290631
17280374
16061615
7714108
17453931
14677542
12487320
18109395
20948165
1647648
13072796
19757031
20274200
20308883
15918135
19538828
11558319
23504427
17099005
16000381
12856535
14411819
5811124
15210434
5308584
18120284
16452797
16588941
6277624
4554746
21713350
10132216
13816071
16594341
8001151
7642966
7218179
13176010
15466353
29224692
23096546
5960404
18051823
4936849
24598992
20217751
17266688
1474590
5613164
2167370
23492406
12218974
25224381
1885545
4188961
8061049
24705700
1487957
23209532
18348950
20827355
26072987
8707929
10822148
18279610
16741681
20668679
9259961
8879879
25464885
12476161
22137368
6160946
17734926
4994225
2809074
5947274
4297710
23138525
13695808
21751071
19372741
26757176
4508207
16512849
28280342
6775636
12362009
7578898
23049550
10515765
25037126
18778505
24974202
1788960
2967504
14774327
1773811
6156620
9011892
19163392
20305443
7887113
9060440
7051261
25443765
16692087
25448009
20251677
3125431
9797749
21048253
11286475
11955230
12183531
4092304
25305169
4862443
5335172
25942382
23535652
6397620
19589050
20676939
22172123
17609868
13623613
8815164
10599140
15570656
25536637
15462640
26653866
14339668
28691539
1133594
11894942
10027226
21458972
4488562
27095524
538910
10458358
13754492
24364542
19528408
19393544
8683166
4389822
18144814
18930874
25261660
3438317
7382693
19689915
22154349
25656512
20315863
949631
17667114
21057266
21811888
4243867
17319664
6348790
22218418
10429383
25311677
16347940
2861463
4349447
1712113
5481049
10579830
2302076
20136693
16794574
11383975
1940990
16809308
8802816
3382967
22675326
25938911
12393152
15857077
25227730
9729860
6871196
883240
11410071
621528
16537447
7999779
2247997
15566116
23343331
2940885
11933030
15137278
9645317
26295841
17951574
25986318
7110390
1048406
28257561
12393490
11655356
12505667
16739579
10745319
17428465
4377583
1918199
23343982
18314550
8108080
7349409
16279702
6604686
8299482
22890062
16105329
21352431
7882845
6637940
4578936
22362538
24858953
28311145
6261225
25803931
17062611
9949070
13893552
20650102
14391040
12237486
16041137
3258934
15008524
11899099
20170038
5397414
18162402
9020383
19601660
26341294
8044054
16399387
14252203
3437125
12957071
9869626
21776226
17833258
14222468
25652147
25889679
11986575
15619491
19801651
25125591
744828
2547943
22714365
8887923
9574597
19261480
20509882
12701039
16859143
16505813
18689454
4729193
14580501
17767142
12182199
25498585
9297831
21640278
4177694
16889524
5658042
20833929
23648398
6576423
10898672
4767385
15456818
28998947
4202448
6339698
17831760
7479158
18267101
10627506
9110726
18191232
10157278
3103701
9694573
24653735
12747126
19072608
11426142
1794287
5506853
19764276
19786342
443650
11067442
24128015
23804959
11527877
9484403
26703301
2958576
10469666
10160514
24365776
24006391
9086669
1668398
14864334
23488258
9415768
12558748
22453217
3740953
17379867
23631797
3906327
786389
23707255
10999184
7388601
16101206
5142941
23459873
19920702
16011685
3796787
18900001
16396893
3361973
5459465
289885
20379350
2174993
23816362
16802443
10305352
24048303
15996018
6075609
26367423
1652763
20126490
7796352
9009115
9305565
18564744
18514031
8907736
19591793
1136005
24737635
22364939
14754960
14387626
15446078
26129096
16038239
5697742
20016907
19005687
13392390
15315695
17378583
10229810
23449049
7885658
9766382
21906390
9466020
11245861
25603706
3792028
2033059
16572001
16111286
8438575
12558223
24116899
14971060
13570279
21024246
14215995
1703668
17102337
4975290
17794406
1124497
24666052
10668495
19742286
8216989
10183341
16935152
25719869
21719683
5535978
21242499
11670612
5878021
2791037
12710792
6423110
23832021
11235855
15668975
23574557
1944293
27592859
28818671
12937004
6395094
23409573
26875935
19002259
14739933
24911598
14667307
8740180
20161068
17095015
15962703
21065665
11424072
8729755
6971997
20059642
1869696
2093853
7699330
17398039
14786276
13055139
7032766
3876509
21740535
15722342
26009994
23439682
10498211
20932766
9573678
17301580
16574603
13220703
10236978
2770162
926608
1257490
1635975
6049433
24402547
13847462
3675840
5790612
22976532
14080415
4305285
18833616
11744703
2826542
16968535
22706820
19557368
2993496
13346821
22417185
10314499
23429437
2280805
16458305
13388389
1517614
3567777
24317230
13186518
590688
5948362
7559598
15591668
7211027
2410760
16145845
12064774
18029050
24040398
3527604
8138503
6116429
12159947
23586784
25753428
14597986
18030100
6508019
14556603
21344776
18498132
16098842
19745991
24218026
7333867
15626515
13878019
9458941
4223869
10859667
27034391
25114933
9178367
6236577
