192
200
186
53
85
199
119
147
198
94
196
112
169
198
138
196
200
200
199
177
33
96
200
195
96
76
135
95
200
84
120
167
132
188
171
175
182
152
93
117
85
180
94
143
190
196
152
180
199
176
199
36
157
50
199
117
177
156
109
157
199
199
175
169
188
29
188
196
115
197
127
188
68
197
120
97
170
152
177
143
40
78
150
177
160
147
99
169
200
190
107
157
200
154
177
83
150
180
164
111
180
54
200
190
127
200
139
94
112
200
162
180
194
77
193
134
159
155
193
127
100
63
152
158
43
51
181
80
64
75
198
183
115
196
197
122
175
157
76
126
190
187
172
92
200
107
172
117
182
200
120
152
152
110
108
108
121
197
77
172
187
199
104
200
197
132
27
123
46
79
40
181
38
137
72
189
174
172
140
128
36
105
36
89
190
199
164
89
79
121
186
43
71
44
186
197
67
200
158
68
200
143
135
122
137
178
127
137
79
142
164
91
114
161
101
174
136
198
197
82
52
163
181
91
198
196
124
98
186
89
144
164
133
200
146
186
191
39
99
184
187
135
122
166
44
129
194
111
153
111
143
29
196
148
80
149
199
149
109
123
188
132
145
87
140
185
200
189
111
88
181
134
117
175
180
78
183
128
93
121
158
185
75
197
138
110
151
162
129
75
192
38
114
94
163
195
125
140
95
126
181
159
156
180
116
192
82
171
101
119
51
34
164
188
186
98
197
200
133
100
184
116
200
200
196
196
173
200
123
169
151
121
98
200
136
85
168
193
198
96
179
118
82
158
195
164
96
199
198
174
168
72
102
176
92
138
195
145
50
112
153
195
57
158
185
165
108
167
97
200
183
108
191
166
163
138
113
200
197
150
197
57
171
200
166
181
185
200
183
199
171
108
160
84
197
140
177
130
114
76
156
163
167
199
182
85
63
114
166
164
54
67
200
95
195
200
196
199
162
148
124
146
40
148
163
187
164
171
171
74
101
164
91
132
194
146
67
194
131
121
182
126
146
96
101
94
91
197
95
194
200
181
65
66
168
187
103
199
121
195
184
72
182
35
49
171
52
107
140
190
97
198
133
200
41
124
124
49
199
51
126
135
180
179
199
153
95
166
135
200
143
92
161
73
200
70
179
107
119
105
145
99
73
149
99
118
132
141
134
198
159
136
90
199
197
199
46
101
166
179
150
155
139
193
172
134
158
200
58
84
200
76
131
128
143
183
128
41
200
124
146
139
200
74
114
124
174
167
161
148
6
178
154
200
183
125
199
89
117
168
164
119
147
153
140
195
110
147
157
177
100
57
135
192
198
80
135
190
141
135
157
136
182
181
171
128
173
178
96
198
125
44
200
147
96
173
61
190
158
120
87
95
197
195
184
200
71
127
80
166
129
83
176
156
159
84
188
200
141
160
191
100
200
101
100
115
187
105
13
101
49
196
109
61
137
199
165
188
190
167
127
126
185
137
116
185
64
191
173
120
158
154
23
200
45
200
68
190
139
27
172
116
184
60
155
197
102
168
117
189
116
190
179
124
78
140
159
136
189
181
149
85
80
36
191
199
190
79
199
182
111
200
192
70
199
175
186
139
137
200
145
198
199
39
47
170
123
136
139
73
190
119
115
53
192
140
191
98
80
126
35
90
174
55
198
184
81
187
142
166
81
181
200
98
175
77
186
97
154
188
110
192
177
146
181
48
126
200
166
161
78
188
187
88
76
185
185
171
177
181
151
109
109
144
38
41
102
74
97
121
185
56
123
97
182
107
101
192
199
197
113
182
190
193
186
199
173
53
138
151
106
75
194
75
175
58
200
200
176
115
195
55
120
177
155
104
63
126
157
68
178
126
118
89
141
200
85
147
182
199
200
191
172
59
148
90
53
199
200
43
175
148
182
200
200
164
142
140
99
184
199
84
39
168
63
69
198
200
132
200
200
18
105
81
191
199
50
115
197
199
159
125
79
131
140
146
193
82
180
146
31
117
186
191
200
121
92
141
138
104
179
139
178
79
162
196
198
84
84
178
200
75
179
54
200
113
197
193
187
193
199
95
21
131
168
168
131
115
48
60
160
73
198
200
174
159
46
177
88
196
180
199
146
93
187
147
200
133
200
47
109
101
170
157
112
122
140
171
177
105
199
170
200
178
121
148
81
106
196
124
198
199
200
198
109
151
157
100
186
161
200
139
179
79
162
175
193
200
169
135
46
96
194
182
149
158
112
118
42
198
59
185
199
192
146
153
50
148
133
195
174
191
154
69
132
195
133
109
67
196
